14:28:52.438 [main] INFO  com.daml.navigator.config.Config$ - Loading Navigator config file from ui-backend.conf 
14:28:53.508 [da-ui-backend-pekko.actor.default-dispatcher-4] INFO  o.a.pekko.event.slf4j.Slf4jLogger - Slf4jLogger started 
14:28:53.756 [da-ui-backend-pekko.actor.default-dispatcher-5] INFO  c.d.n.store.platform.PlatformStore - Connecting to localhost:6865, using a plaintext connection pekkoAddress=pekko://da-ui-backend, pekkoUid=-284631092067108271, pekkoSource=pekko://da-ui-backend/user/$a, sourceThread=da-ui-backend-pekko.actor.default-dispatcher-4, sourceActorSystem=da-ui-backend, pekkoTimestamp=08:58:53.755UTC
14:28:54.212 [main] INFO  c.daml.navigator.NavigatorBackend$ - DA UI backend server listening on port 4000 
14:28:54.350 [da-ui-backend-pekko.actor.default-dispatcher-4] INFO  c.d.n.store.platform.PlatformStore - Time service is not implemented pekkoAddress=pekko://da-ui-backend, pekkoUid=-284631092067108271, pekkoSource=pekko://da-ui-backend/user/$a, sourceThread=da-ui-backend-pekko.actor.default-dispatcher-5, sourceActorSystem=da-ui-backend, pekkoTimestamp=08:58:54.350UTC
14:28:54.351 [da-ui-backend-pekko.actor.default-dispatcher-4] INFO  c.d.n.store.platform.PlatformStore - Connected to platform at 'localhost:6865' pekkoAddress=pekko://da-ui-backend, pekkoUid=-284631092067108271, pekkoSource=pekko://da-ui-backend/user/$a, sourceThread=da-ui-backend-pekko.actor.default-dispatcher-5, sourceActorSystem=da-ui-backend, pekkoTimestamp=08:58:54.351UTC
14:28:54.983 [da-ui-backend-pekko.actor.default-dispatcher-4] INFO  c.d.n.store.platform.PlatformStore - Starting actor for party party-01f28f51-139f-4d3b-99e7-cccf9eeeb699::12200c904c539b9006bc40adf3c3727653320c5951a7ba3e23ece0b79f011257e614 (display name Alice) pekkoAddress=pekko://da-ui-backend, pekkoUid=-284631092067108271, pekkoSource=pekko://da-ui-backend/user/$a, sourceThread=da-ui-backend-pekko.actor.default-dispatcher-5, sourceActorSystem=da-ui-backend, pekkoTimestamp=08:58:54.983UTC
14:28:54.994 [da-ui-backend-pekko.actor.default-dispatcher-4] INFO  c.d.n.store.platform.PlatformStore - Starting actor for party party-974f4e44-eb56-4d52-b912-9d0b43211b22::12200c904c539b9006bc40adf3c3727653320c5951a7ba3e23ece0b79f011257e614 (display name Admin) pekkoAddress=pekko://da-ui-backend, pekkoUid=-284631092067108271, pekkoSource=pekko://da-ui-backend/user/$a, sourceThread=da-ui-backend-pekko.actor.default-dispatcher-5, sourceActorSystem=da-ui-backend, pekkoTimestamp=08:58:54.993UTC
14:28:55.001 [da-ui-backend-pekko.actor.default-dispatcher-4] INFO  c.d.n.store.platform.PlatformStore - Starting actor for party party-1939a953-f183-4e40-a268-5132ba44fa47::12200c904c539b9006bc40adf3c3727653320c5951a7ba3e23ece0b79f011257e614 (display name Bob) pekkoAddress=pekko://da-ui-backend, pekkoUid=-284631092067108271, pekkoSource=pekko://da-ui-backend/user/$a, sourceThread=da-ui-backend-pekko.actor.default-dispatcher-5, sourceActorSystem=da-ui-backend, pekkoTimestamp=08:58:55.001UTC
14:28:56.404 [da-ui-backend-pekko.actor.default-dispatcher-7] INFO  c.d.n.s.platform.PlatformSubscriber - Successfully loaded packages [86828b9843465f419db1ef8a8ee741d1eef645df02375ebf509cdc8c3ddd16cb, 5921708ce82f4255deb1b26d2c05358b548720938a5a325718dc69f381ba47ff, cc348d369011362a5190fe96dd1f0dfbc697fdfd10e382b9e9666f0da05961b7, d27a1030f23715794aedb59a36c507a35d32fa56df68065f343b6c02acf9cd68, 99a2705ed38c1c26cbb8fe7acf36bbf626668e167a33335de932599219e0a235, e22bce619ae24ca3b8e6519281cb5a33b64b3190cc763248b4c3f9ad5087a92c, d58cf9939847921b2aab78eaa7b427dc4c649d25e6bee3c749ace4c3f52f5c97, 6c2c0667393c5f92f1885163068cd31800d2264eb088eb6fc740e11241b2bf06, 315cb5676675c14e71453d4a9a2a58900e5b50d6665cba4cdf21f58b22abff83, 8a7806365bbd98d88b4c13832ebfa305f6abaeaf32cfa2b7dd25c4fa489b79fb, c1f1f00558799eec139fb4f4c76f95fb52fa1837a5dd29600baa1c8ed1bdccfd, 733e38d36a2759688a4b2c4cec69d48e7b55ecc8dedc8067b815926c917a182a, 65921e553a353588e950cbc87e98a127730e63295f7ad8d3adae952ef0133b3e, f20de1e4e37b92280264c08bf15eca0be0bc5babd7a7b5e574997f154c00cb78, 3f4deaf145a15cdcfa762c058005e2edb9baa75bb7f95a4f8f6f937378e86415, bfcd37bd6b84768e86e432f5f6c33e25d9e7724a9d42e33875ff74f6348e733f, 6df2d1fd8ea994ed048a79587b2722e3a887ac7592abf31ecf46fe09ac02d689, 57b5c520512c24035057aa4c783cb7ac7f3f49db29806280962e188be7aadb66, e4cc67c3264eba4a19c080cac5ab32d87551578e0f5f58b6a9460f91c7abc254, 518032f41fd0175461b35ae0c9691e08b4aea55e62915f8360af2cc7a1f2ba6c, 82fa64bf7428c614565513731b36464c411b8f252b6f2188aeaca9236f013c84, a60b6d5c583f91e98770e754fe71d1fbc737b36bb9b2ff5d4911dd86ad79358b, d704ffbe610258c670d226b969e861dfcaf2f51bf0d205ef6ff6362af45985a1, 6851f194e144b693e63e9034b956c76cef6b5088dd8c66a657ab652a204dba2b, 6839a6d3d430c569b2425e9391717b44ca324b88ba621d597778811b2d05031d, cb0552debf219cc909f51cbb5c3b41e9981d39f8f645b1f35e2ef5be2e0b858a, 76bf0fd12bd945762a01f8fc5bbcdfa4d0ff20f8762af490f8f41d6237c6524f, 852d8e3a8ccf952acc73e17522846bc1eb41498e840d637e519ddcca7dbc7671, af2bdcd44f839e851f3193421f3e1b827d9e5703e28ca107a25466e75ec42eb0, 7748754b5e4d9392d6b485367e7b4d5e1b0142ff4d4ce3327911166633c5da04, 10e0333b52bba1ff147fc408a6b7d68465b157635ee230493bd6029b750dcb05, d14e08374fc7197d6a0de468c968ae8ba3aadbf9315476fd39071831f5923662, 057eed1fd48c238491b8ea06b9b5bf85a5d4c9275dd3f6183e0e6b01730cc2ba, 38e6274601b21d7202bb995bc5ec147decda5a01b68d57dda422425038772af7, e491352788e56ca4603acc411ffe1a49fefd76ed8b163af86cf5ee5f4c38645b, 40f452260bef3f29dede136108fc08a88d5a5250310281067087da6f0baddff7, 97b883cd8a2b7f49f90d5d39c981cf6e110cf1f1c64427a28a6d58ec88c43657] pekkoAddress=pekko://da-ui-backend, pekkoUid=-284631092067108271, pekkoSource=pekko://da-ui-backend/user/$a/party-party-974f4e44-eb56-4d52-b912-9d0b43211b22%3A%3A12200c904c539b9006bc40adf3c3727653320c5951a7ba3e23ece0b79f011257e614, sourceThread=da-ui-backend-pekko.actor.default-dispatcher-4, sourceActorSystem=da-ui-backend, pekkoTimestamp=08:58:56.404UTC
14:28:56.419 [da-ui-backend-pekko.actor.default-dispatcher-7] INFO  c.d.n.s.platform.PlatformSubscriber - Successfully loaded packages [86828b9843465f419db1ef8a8ee741d1eef645df02375ebf509cdc8c3ddd16cb, 5921708ce82f4255deb1b26d2c05358b548720938a5a325718dc69f381ba47ff, cc348d369011362a5190fe96dd1f0dfbc697fdfd10e382b9e9666f0da05961b7, d27a1030f23715794aedb59a36c507a35d32fa56df68065f343b6c02acf9cd68, 99a2705ed38c1c26cbb8fe7acf36bbf626668e167a33335de932599219e0a235, e22bce619ae24ca3b8e6519281cb5a33b64b3190cc763248b4c3f9ad5087a92c, d58cf9939847921b2aab78eaa7b427dc4c649d25e6bee3c749ace4c3f52f5c97, 6c2c0667393c5f92f1885163068cd31800d2264eb088eb6fc740e11241b2bf06, 315cb5676675c14e71453d4a9a2a58900e5b50d6665cba4cdf21f58b22abff83, 8a7806365bbd98d88b4c13832ebfa305f6abaeaf32cfa2b7dd25c4fa489b79fb, c1f1f00558799eec139fb4f4c76f95fb52fa1837a5dd29600baa1c8ed1bdccfd, 733e38d36a2759688a4b2c4cec69d48e7b55ecc8dedc8067b815926c917a182a, 65921e553a353588e950cbc87e98a127730e63295f7ad8d3adae952ef0133b3e, f20de1e4e37b92280264c08bf15eca0be0bc5babd7a7b5e574997f154c00cb78, 3f4deaf145a15cdcfa762c058005e2edb9baa75bb7f95a4f8f6f937378e86415, bfcd37bd6b84768e86e432f5f6c33e25d9e7724a9d42e33875ff74f6348e733f, 6df2d1fd8ea994ed048a79587b2722e3a887ac7592abf31ecf46fe09ac02d689, 57b5c520512c24035057aa4c783cb7ac7f3f49db29806280962e188be7aadb66, e4cc67c3264eba4a19c080cac5ab32d87551578e0f5f58b6a9460f91c7abc254, 518032f41fd0175461b35ae0c9691e08b4aea55e62915f8360af2cc7a1f2ba6c, 82fa64bf7428c614565513731b36464c411b8f252b6f2188aeaca9236f013c84, a60b6d5c583f91e98770e754fe71d1fbc737b36bb9b2ff5d4911dd86ad79358b, d704ffbe610258c670d226b969e861dfcaf2f51bf0d205ef6ff6362af45985a1, 6851f194e144b693e63e9034b956c76cef6b5088dd8c66a657ab652a204dba2b, 6839a6d3d430c569b2425e9391717b44ca324b88ba621d597778811b2d05031d, cb0552debf219cc909f51cbb5c3b41e9981d39f8f645b1f35e2ef5be2e0b858a, 76bf0fd12bd945762a01f8fc5bbcdfa4d0ff20f8762af490f8f41d6237c6524f, 852d8e3a8ccf952acc73e17522846bc1eb41498e840d637e519ddcca7dbc7671, af2bdcd44f839e851f3193421f3e1b827d9e5703e28ca107a25466e75ec42eb0, 7748754b5e4d9392d6b485367e7b4d5e1b0142ff4d4ce3327911166633c5da04, 10e0333b52bba1ff147fc408a6b7d68465b157635ee230493bd6029b750dcb05, d14e08374fc7197d6a0de468c968ae8ba3aadbf9315476fd39071831f5923662, 057eed1fd48c238491b8ea06b9b5bf85a5d4c9275dd3f6183e0e6b01730cc2ba, 38e6274601b21d7202bb995bc5ec147decda5a01b68d57dda422425038772af7, e491352788e56ca4603acc411ffe1a49fefd76ed8b163af86cf5ee5f4c38645b, 40f452260bef3f29dede136108fc08a88d5a5250310281067087da6f0baddff7, 97b883cd8a2b7f49f90d5d39c981cf6e110cf1f1c64427a28a6d58ec88c43657] pekkoAddress=pekko://da-ui-backend, pekkoUid=-284631092067108271, pekkoSource=pekko://da-ui-backend/user/$a/party-party-1939a953-f183-4e40-a268-5132ba44fa47%3A%3A12200c904c539b9006bc40adf3c3727653320c5951a7ba3e23ece0b79f011257e614, sourceThread=da-ui-backend-pekko.actor.default-dispatcher-5, sourceActorSystem=da-ui-backend, pekkoTimestamp=08:58:56.419UTC
14:28:56.420 [da-ui-backend-pekko.actor.default-dispatcher-5] INFO  c.d.n.s.platform.PlatformSubscriber - Successfully loaded packages [86828b9843465f419db1ef8a8ee741d1eef645df02375ebf509cdc8c3ddd16cb, 5921708ce82f4255deb1b26d2c05358b548720938a5a325718dc69f381ba47ff, cc348d369011362a5190fe96dd1f0dfbc697fdfd10e382b9e9666f0da05961b7, d27a1030f23715794aedb59a36c507a35d32fa56df68065f343b6c02acf9cd68, 99a2705ed38c1c26cbb8fe7acf36bbf626668e167a33335de932599219e0a235, e22bce619ae24ca3b8e6519281cb5a33b64b3190cc763248b4c3f9ad5087a92c, d58cf9939847921b2aab78eaa7b427dc4c649d25e6bee3c749ace4c3f52f5c97, 6c2c0667393c5f92f1885163068cd31800d2264eb088eb6fc740e11241b2bf06, 315cb5676675c14e71453d4a9a2a58900e5b50d6665cba4cdf21f58b22abff83, 8a7806365bbd98d88b4c13832ebfa305f6abaeaf32cfa2b7dd25c4fa489b79fb, c1f1f00558799eec139fb4f4c76f95fb52fa1837a5dd29600baa1c8ed1bdccfd, 733e38d36a2759688a4b2c4cec69d48e7b55ecc8dedc8067b815926c917a182a, 65921e553a353588e950cbc87e98a127730e63295f7ad8d3adae952ef0133b3e, f20de1e4e37b92280264c08bf15eca0be0bc5babd7a7b5e574997f154c00cb78, 3f4deaf145a15cdcfa762c058005e2edb9baa75bb7f95a4f8f6f937378e86415, bfcd37bd6b84768e86e432f5f6c33e25d9e7724a9d42e33875ff74f6348e733f, 6df2d1fd8ea994ed048a79587b2722e3a887ac7592abf31ecf46fe09ac02d689, 57b5c520512c24035057aa4c783cb7ac7f3f49db29806280962e188be7aadb66, e4cc67c3264eba4a19c080cac5ab32d87551578e0f5f58b6a9460f91c7abc254, 518032f41fd0175461b35ae0c9691e08b4aea55e62915f8360af2cc7a1f2ba6c, 82fa64bf7428c614565513731b36464c411b8f252b6f2188aeaca9236f013c84, a60b6d5c583f91e98770e754fe71d1fbc737b36bb9b2ff5d4911dd86ad79358b, d704ffbe610258c670d226b969e861dfcaf2f51bf0d205ef6ff6362af45985a1, 6851f194e144b693e63e9034b956c76cef6b5088dd8c66a657ab652a204dba2b, 6839a6d3d430c569b2425e9391717b44ca324b88ba621d597778811b2d05031d, cb0552debf219cc909f51cbb5c3b41e9981d39f8f645b1f35e2ef5be2e0b858a, 76bf0fd12bd945762a01f8fc5bbcdfa4d0ff20f8762af490f8f41d6237c6524f, 852d8e3a8ccf952acc73e17522846bc1eb41498e840d637e519ddcca7dbc7671, af2bdcd44f839e851f3193421f3e1b827d9e5703e28ca107a25466e75ec42eb0, 7748754b5e4d9392d6b485367e7b4d5e1b0142ff4d4ce3327911166633c5da04, 10e0333b52bba1ff147fc408a6b7d68465b157635ee230493bd6029b750dcb05, d14e08374fc7197d6a0de468c968ae8ba3aadbf9315476fd39071831f5923662, 057eed1fd48c238491b8ea06b9b5bf85a5d4c9275dd3f6183e0e6b01730cc2ba, 38e6274601b21d7202bb995bc5ec147decda5a01b68d57dda422425038772af7, e491352788e56ca4603acc411ffe1a49fefd76ed8b163af86cf5ee5f4c38645b, 40f452260bef3f29dede136108fc08a88d5a5250310281067087da6f0baddff7, 97b883cd8a2b7f49f90d5d39c981cf6e110cf1f1c64427a28a6d58ec88c43657] pekkoAddress=pekko://da-ui-backend, pekkoUid=-284631092067108271, pekkoSource=pekko://da-ui-backend/user/$a/party-party-01f28f51-139f-4d3b-99e7-cccf9eeeb699%3A%3A12200c904c539b9006bc40adf3c3727653320c5951a7ba3e23ece0b79f011257e614, sourceThread=da-ui-backend-pekko.actor.default-dispatcher-8, sourceActorSystem=da-ui-backend, pekkoTimestamp=08:58:56.420UTC
14:30:26.313 [da-ui-backend-pekko.actor.default-dispatcher-7] ERROR o.apache.pekko.actor.ActorSystemImpl - Error during processing of request: 'Can't read {
  "type": "undefined"
} as ApiValue, unknown type 'undefined''. Completing with 500 Internal Server Error response. To change default exception handling behavior, provide a custom ExceptionHandler. pekkoAddress=pekko://da-ui-backend, pekkoUid=-284631092067108271, pekkoSource=org.apache.pekko.actor.ActorSystemImpl(da-ui-backend), sourceThread=da-ui-backend-pekko.actor.default-dispatcher-11, sourceActorSystem=da-ui-backend, pekkoTimestamp=09:00:26.312UTC
spray.json.DeserializationException: Can't read {
  "type": "undefined"
} as ApiValue, unknown type 'undefined'
	at spray.json.package$.deserializationError(package.scala:23)
	at com.daml.navigator.json.ApiCodecVerbose$.jsValueToApiValue(ApiCodecVerbose.scala:179)
	at com.daml.navigator.json.ApiCodecVerbose$.jsValueToApiRecordField(ApiCodecVerbose.scala:132)
	at com.daml.navigator.json.ApiCodecVerbose$.$anonfun$jsValueToApiRecord$2(ApiCodecVerbose.scala:189)
	at scala.collection.immutable.List.map(List.scala:250)
	at com.daml.navigator.json.ApiCodecVerbose$.jsValueToApiRecord(ApiCodecVerbose.scala:189)
	at com.daml.navigator.json.ApiCodecVerbose$.jsValueToApiValue(ApiCodecVerbose.scala:138)
	at com.daml.navigator.json.ApiCodecVerbose$JsonImplicits$ApiValueJsonFormat$.read(ApiCodecVerbose.scala:260)
	at com.daml.navigator.json.ApiCodecVerbose$JsonImplicits$ApiValueJsonFormat$.read(ApiCodecVerbose.scala:258)
	at spray.json.JsValue.convertTo(JsValue.scala:33)
	at com.daml.navigator.graphql.JsonType$.coerceUserJsonInput(JsonType.scala:53)
	at com.daml.navigator.graphql.JsonType$.$anonfun$newScalarType$2(JsonType.scala:61)
	at sangria.execution.ValueCoercionHelper.isValidValueRec$1(ValueCoercionHelper.scala:653)
	at sangria.execution.ValueCoercionHelper.isValidValue(ValueCoercionHelper.scala:694)
	at sangria.execution.ValueCoercionHelper.getVariableValue(ValueCoercionHelper.scala:704)
	at sangria.execution.ValueCollector.$anonfun$getVariableValues$3(ValueCollector.scala:56)
	at scala.Option.map(Option.scala:242)
	at sangria.execution.ValueCollector.$anonfun$getVariableValues$1(ValueCollector.scala:56)
	at scala.collection.IterableOnceOps.foldLeft(IterableOnce.scala:644)
	at scala.collection.IterableOnceOps.foldLeft$(IterableOnce.scala:670)
	at scala.collection.AbstractIterable.foldLeft(Iterable.scala:933)
	at sangria.execution.ValueCollector.getVariableValues(ValueCollector.scala:47)
	at sangria.execution.Executor.$anonfun$execute$2(Executor.scala:168)
	at scala.util.Success.flatMap(Try.scala:258)
	at sangria.execution.Executor.execute(Executor.scala:164)
	at sangria.execution.Executor$.execute(Executor.scala:349)
	at com.daml.navigator.DefaultGraphQLHandler.$anonfun$executeQuery$2(GraphQLHandler.scala:75)
	at scala.Option.fold(Option.scala:263)
	at com.daml.navigator.DefaultGraphQLHandler.executeQuery(GraphQLHandler.scala:72)
	at com.daml.navigator.UIBackend.$anonfun$getRoute$40(UIBackend.scala:197)
	at org.apache.pekko.http.scaladsl.server.directives.RouteDirectives.$anonfun$complete$1(RouteDirectives.scala:61)
	at org.apache.pekko.http.scaladsl.server.StandardRoute$$anon$1.apply(StandardRoute.scala:28)
	at org.apache.pekko.http.scaladsl.server.StandardRoute$$anon$1.apply(StandardRoute.scala:28)
	at org.apache.pekko.http.scaladsl.server.directives.BasicDirectives.$anonfun$mapRouteResult$2(BasicDirectives.scala:80)
	at org.apache.pekko.http.scaladsl.server.directives.FutureDirectives.$anonfun$onComplete$3(FutureDirectives.scala:47)
	at org.apache.pekko.http.scaladsl.util.FastFuture$.transformWith$extension(FastFuture.scala:45)
	at org.apache.pekko.http.scaladsl.server.directives.FutureDirectives.$anonfun$onComplete$2(FutureDirectives.scala:47)
	at org.apache.pekko.http.scaladsl.server.directives.BasicDirectives.$anonfun$textract$2(BasicDirectives.scala:173)
	at org.apache.pekko.http.scaladsl.server.directives.FutureDirectives.$anonfun$onComplete$3(FutureDirectives.scala:47)
	at org.apache.pekko.http.scaladsl.util.FastFuture$.transformWith$extension(FastFuture.scala:45)
	at org.apache.pekko.http.scaladsl.server.directives.FutureDirectives.$anonfun$onComplete$2(FutureDirectives.scala:47)
	at org.apache.pekko.http.scaladsl.server.directives.BasicDirectives.$anonfun$textract$2(BasicDirectives.scala:173)
	at org.apache.pekko.http.scaladsl.server.directives.BasicDirectives.$anonfun$mapRouteResult$2(BasicDirectives.scala:80)
	at org.apache.pekko.http.scaladsl.server.directives.BasicDirectives.$anonfun$textract$2(BasicDirectives.scala:173)
	at org.apache.pekko.http.scaladsl.server.RouteConcatenation$RouteWithConcatenation.$anonfun$$tilde$2(RouteConcatenation.scala:58)
	at org.apache.pekko.http.scaladsl.util.FastFuture$.flatMap$extension(FastFuture.scala:49)
	at org.apache.pekko.http.scaladsl.server.RouteConcatenation$RouteWithConcatenation.$anonfun$$tilde$1(RouteConcatenation.scala:55)
	at org.apache.pekko.http.scaladsl.server.directives.BasicDirectives.$anonfun$mapRequestContext$2(BasicDirectives.scala:55)
	at org.apache.pekko.http.scaladsl.server.directives.BasicDirectives.$anonfun$textract$2(BasicDirectives.scala:173)
	at org.apache.pekko.http.scaladsl.server.RouteConcatenation$RouteWithConcatenation.$anonfun$$tilde$2(RouteConcatenation.scala:58)
	at org.apache.pekko.http.scaladsl.util.FastFuture$.flatMap$extension(FastFuture.scala:49)
	at org.apache.pekko.http.scaladsl.server.RouteConcatenation$RouteWithConcatenation.$anonfun$$tilde$1(RouteConcatenation.scala:55)
	at org.apache.pekko.http.scaladsl.server.directives.BasicDirectives.$anonfun$mapRequestContext$2(BasicDirectives.scala:55)
	at org.apache.pekko.http.scaladsl.server.directives.BasicDirectives.$anonfun$textract$2(BasicDirectives.scala:173)
	at org.apache.pekko.http.scaladsl.server.RouteConcatenation$RouteWithConcatenation.$anonfun$$tilde$2(RouteConcatenation.scala:58)
	at org.apache.pekko.http.scaladsl.util.FastFuture$.flatMap$extension(FastFuture.scala:49)
	at org.apache.pekko.http.scaladsl.server.RouteConcatenation$RouteWithConcatenation.$anonfun$$tilde$1(RouteConcatenation.scala:55)
	at org.apache.pekko.http.scaladsl.server.RouteConcatenation$RouteWithConcatenation.$anonfun$$tilde$1(RouteConcatenation.scala:55)
	at org.apache.pekko.http.scaladsl.server.Directive.$anonfun$recover$4(Directive.scala:141)
	at org.apache.pekko.http.scaladsl.server.directives.BasicDirectives.$anonfun$textract$2(BasicDirectives.scala:173)
	at org.apache.pekko.http.scaladsl.server.Directive.$anonfun$recover$2(Directive.scala:141)
	at org.apache.pekko.http.scaladsl.server.directives.BasicDirectives.$anonfun$mapRouteResultWith$2(BasicDirectives.scala:86)
	at org.apache.pekko.http.scaladsl.server.directives.BasicDirectives.$anonfun$textract$2(BasicDirectives.scala:173)
	at org.apache.pekko.http.scaladsl.server.directives.ExecutionDirectives.$anonfun$handleExceptions$2(ExecutionDirectives.scala:42)
	at org.apache.pekko.http.scaladsl.server.Route$.$anonfun$createAsyncHandler$1(Route.scala:127)
	at org.apache.pekko.stream.impl.fusing.MapAsyncUnordered$$anon$29.onPush(Ops.scala:1462)
	at org.apache.pekko.stream.impl.fusing.GraphInterpreter.processPush(GraphInterpreter.scala:556)
	at org.apache.pekko.stream.impl.fusing.GraphInterpreter.processEvent(GraphInterpreter.scala:507)
	at org.apache.pekko.stream.impl.fusing.GraphInterpreter.execute(GraphInterpreter.scala:401)
	at org.apache.pekko.stream.impl.fusing.GraphInterpreterShell.runBatch(ActorGraphInterpreter.scala:662)
	at org.apache.pekko.stream.impl.fusing.GraphInterpreterShell$AsyncInput.execute(ActorGraphInterpreter.scala:532)
	at org.apache.pekko.stream.impl.fusing.GraphInterpreterShell.processEvent(ActorGraphInterpreter.scala:637)
	at org.apache.pekko.stream.impl.fusing.ActorGraphInterpreter.org$apache$pekko$stream$impl$fusing$ActorGraphInterpreter$$processEvent(ActorGraphInterpreter.scala:813)
	at org.apache.pekko.stream.impl.fusing.ActorGraphInterpreter$$anonfun$receive$1.applyOrElse(ActorGraphInterpreter.scala:831)
	at org.apache.pekko.actor.Actor.aroundReceive(Actor.scala:547)
	at org.apache.pekko.actor.Actor.aroundReceive$(Actor.scala:545)
	at org.apache.pekko.stream.impl.fusing.ActorGraphInterpreter.aroundReceive(ActorGraphInterpreter.scala:729)
	at org.apache.pekko.actor.ActorCell.receiveMessage(ActorCell.scala:590)
	at org.apache.pekko.actor.ActorCell.invoke(ActorCell.scala:557)
	at org.apache.pekko.dispatch.Mailbox.processMailbox(Mailbox.scala:272)
	at org.apache.pekko.dispatch.Mailbox.run(Mailbox.scala:233)
	at org.apache.pekko.dispatch.Mailbox.exec(Mailbox.scala:245)
	at java.base/java.util.concurrent.ForkJoinTask.doExec(ForkJoinTask.java:511)
	at java.base/java.util.concurrent.ForkJoinPool$WorkQueue.topLevelExec(ForkJoinPool.java:1450)
	at java.base/java.util.concurrent.ForkJoinPool.runWorker(ForkJoinPool.java:2019)
	at java.base/java.util.concurrent.ForkJoinWorkerThread.run(ForkJoinWorkerThread.java:187)
14:37:28.494 [da-ui-backend-pekko.actor.default-dispatcher-14] INFO  c.d.n.s.platform.PlatformSubscriber - Command '73c7baa3dc464850' completed successfully. pekkoAddress=pekko://da-ui-backend, pekkoUid=-284631092067108271, pekkoSource=pekko://da-ui-backend/user/$a/party-party-01f28f51-139f-4d3b-99e7-cccf9eeeb699%3A%3A12200c904c539b9006bc40adf3c3727653320c5951a7ba3e23ece0b79f011257e614, sourceThread=da-ui-backend-pekko.actor.default-dispatcher-11, sourceActorSystem=da-ui-backend, pekkoTimestamp=09:07:28.494UTC
14:38:39.353 [da-ui-backend-pekko.actor.default-dispatcher-12] ERROR o.apache.pekko.actor.ActorSystemImpl - Error during processing of request: 'Can't read {
  "type": "undefined"
} as ApiValue, unknown type 'undefined''. Completing with 500 Internal Server Error response. To change default exception handling behavior, provide a custom ExceptionHandler. pekkoAddress=pekko://da-ui-backend, pekkoUid=-284631092067108271, pekkoSource=org.apache.pekko.actor.ActorSystemImpl(da-ui-backend), sourceThread=da-ui-backend-pekko.actor.default-dispatcher-14, sourceActorSystem=da-ui-backend, pekkoTimestamp=09:08:39.353UTC
spray.json.DeserializationException: Can't read {
  "type": "undefined"
} as ApiValue, unknown type 'undefined'
	at spray.json.package$.deserializationError(package.scala:23)
	at com.daml.navigator.json.ApiCodecVerbose$.jsValueToApiValue(ApiCodecVerbose.scala:179)
	at com.daml.navigator.json.ApiCodecVerbose$.$anonfun$jsValueToApiValue$1(ApiCodecVerbose.scala:142)
	at scala.collection.immutable.List.map(List.scala:250)
	at com.daml.navigator.json.ApiCodecVerbose$.jsValueToApiValue(ApiCodecVerbose.scala:142)
	at com.daml.navigator.json.ApiCodecVerbose$.jsValueToApiRecordField(ApiCodecVerbose.scala:132)
	at com.daml.navigator.json.ApiCodecVerbose$.$anonfun$jsValueToApiRecord$2(ApiCodecVerbose.scala:189)
	at scala.collection.immutable.List.map(List.scala:250)
	at com.daml.navigator.json.ApiCodecVerbose$.jsValueToApiRecord(ApiCodecVerbose.scala:189)
	at com.daml.navigator.json.ApiCodecVerbose$.jsValueToApiValue(ApiCodecVerbose.scala:138)
	at com.daml.navigator.json.ApiCodecVerbose$JsonImplicits$ApiValueJsonFormat$.read(ApiCodecVerbose.scala:260)
	at com.daml.navigator.json.ApiCodecVerbose$JsonImplicits$ApiValueJsonFormat$.read(ApiCodecVerbose.scala:258)
	at spray.json.JsValue.convertTo(JsValue.scala:33)
	at com.daml.navigator.graphql.JsonType$.coerceUserJsonInput(JsonType.scala:53)
	at com.daml.navigator.graphql.JsonType$.$anonfun$newScalarType$2(JsonType.scala:61)
	at sangria.execution.ValueCoercionHelper.isValidValueRec$1(ValueCoercionHelper.scala:653)
	at sangria.execution.ValueCoercionHelper.isValidValue(ValueCoercionHelper.scala:694)
	at sangria.execution.ValueCoercionHelper.getVariableValue(ValueCoercionHelper.scala:704)
	at sangria.execution.ValueCollector.$anonfun$getVariableValues$3(ValueCollector.scala:56)
	at scala.Option.map(Option.scala:242)
	at sangria.execution.ValueCollector.$anonfun$getVariableValues$1(ValueCollector.scala:56)
	at scala.collection.IterableOnceOps.foldLeft(IterableOnce.scala:644)
	at scala.collection.IterableOnceOps.foldLeft$(IterableOnce.scala:670)
	at scala.collection.AbstractIterable.foldLeft(Iterable.scala:933)
	at sangria.execution.ValueCollector.getVariableValues(ValueCollector.scala:47)
	at sangria.execution.Executor.$anonfun$execute$2(Executor.scala:168)
	at scala.util.Success.flatMap(Try.scala:258)
	at sangria.execution.Executor.execute(Executor.scala:164)
	at sangria.execution.Executor$.execute(Executor.scala:349)
	at com.daml.navigator.DefaultGraphQLHandler.$anonfun$executeQuery$2(GraphQLHandler.scala:75)
	at scala.Option.fold(Option.scala:263)
	at com.daml.navigator.DefaultGraphQLHandler.executeQuery(GraphQLHandler.scala:72)
	at com.daml.navigator.UIBackend.$anonfun$getRoute$40(UIBackend.scala:197)
	at org.apache.pekko.http.scaladsl.server.directives.RouteDirectives.$anonfun$complete$1(RouteDirectives.scala:61)
	at org.apache.pekko.http.scaladsl.server.StandardRoute$$anon$1.apply(StandardRoute.scala:28)
	at org.apache.pekko.http.scaladsl.server.StandardRoute$$anon$1.apply(StandardRoute.scala:28)
	at org.apache.pekko.http.scaladsl.server.directives.BasicDirectives.$anonfun$mapRouteResult$2(BasicDirectives.scala:80)
	at org.apache.pekko.http.scaladsl.server.directives.FutureDirectives.$anonfun$onComplete$3(FutureDirectives.scala:47)
	at org.apache.pekko.http.scaladsl.util.FastFuture$.transformWith$extension(FastFuture.scala:45)
	at org.apache.pekko.http.scaladsl.server.directives.FutureDirectives.$anonfun$onComplete$2(FutureDirectives.scala:47)
	at org.apache.pekko.http.scaladsl.server.directives.BasicDirectives.$anonfun$textract$2(BasicDirectives.scala:173)
	at org.apache.pekko.http.scaladsl.server.directives.FutureDirectives.$anonfun$onComplete$3(FutureDirectives.scala:47)
	at org.apache.pekko.http.scaladsl.util.FastFuture$.transformWith$extension(FastFuture.scala:45)
	at org.apache.pekko.http.scaladsl.server.directives.FutureDirectives.$anonfun$onComplete$2(FutureDirectives.scala:47)
	at org.apache.pekko.http.scaladsl.server.directives.BasicDirectives.$anonfun$textract$2(BasicDirectives.scala:173)
	at org.apache.pekko.http.scaladsl.server.directives.BasicDirectives.$anonfun$mapRouteResult$2(BasicDirectives.scala:80)
	at org.apache.pekko.http.scaladsl.server.directives.BasicDirectives.$anonfun$textract$2(BasicDirectives.scala:173)
	at org.apache.pekko.http.scaladsl.server.RouteConcatenation$RouteWithConcatenation.$anonfun$$tilde$2(RouteConcatenation.scala:58)
	at org.apache.pekko.http.scaladsl.util.FastFuture$.flatMap$extension(FastFuture.scala:49)
	at org.apache.pekko.http.scaladsl.server.RouteConcatenation$RouteWithConcatenation.$anonfun$$tilde$1(RouteConcatenation.scala:55)
	at org.apache.pekko.http.scaladsl.server.directives.BasicDirectives.$anonfun$mapRequestContext$2(BasicDirectives.scala:55)
	at org.apache.pekko.http.scaladsl.server.directives.BasicDirectives.$anonfun$textract$2(BasicDirectives.scala:173)
	at org.apache.pekko.http.scaladsl.server.RouteConcatenation$RouteWithConcatenation.$anonfun$$tilde$2(RouteConcatenation.scala:58)
	at org.apache.pekko.http.scaladsl.util.FastFuture$.flatMap$extension(FastFuture.scala:49)
	at org.apache.pekko.http.scaladsl.server.RouteConcatenation$RouteWithConcatenation.$anonfun$$tilde$1(RouteConcatenation.scala:55)
	at org.apache.pekko.http.scaladsl.server.directives.BasicDirectives.$anonfun$mapRequestContext$2(BasicDirectives.scala:55)
	at org.apache.pekko.http.scaladsl.server.directives.BasicDirectives.$anonfun$textract$2(BasicDirectives.scala:173)
	at org.apache.pekko.http.scaladsl.server.RouteConcatenation$RouteWithConcatenation.$anonfun$$tilde$2(RouteConcatenation.scala:58)
	at org.apache.pekko.http.scaladsl.util.FastFuture$.flatMap$extension(FastFuture.scala:49)
	at org.apache.pekko.http.scaladsl.server.RouteConcatenation$RouteWithConcatenation.$anonfun$$tilde$1(RouteConcatenation.scala:55)
	at org.apache.pekko.http.scaladsl.server.RouteConcatenation$RouteWithConcatenation.$anonfun$$tilde$1(RouteConcatenation.scala:55)
	at org.apache.pekko.http.scaladsl.server.Directive.$anonfun$recover$4(Directive.scala:141)
	at org.apache.pekko.http.scaladsl.server.directives.BasicDirectives.$anonfun$textract$2(BasicDirectives.scala:173)
	at org.apache.pekko.http.scaladsl.server.Directive.$anonfun$recover$2(Directive.scala:141)
	at org.apache.pekko.http.scaladsl.server.directives.BasicDirectives.$anonfun$mapRouteResultWith$2(BasicDirectives.scala:86)
	at org.apache.pekko.http.scaladsl.server.directives.BasicDirectives.$anonfun$textract$2(BasicDirectives.scala:173)
	at org.apache.pekko.http.scaladsl.server.directives.ExecutionDirectives.$anonfun$handleExceptions$2(ExecutionDirectives.scala:42)
	at org.apache.pekko.http.scaladsl.server.Route$.$anonfun$createAsyncHandler$1(Route.scala:127)
	at org.apache.pekko.stream.impl.fusing.MapAsyncUnordered$$anon$29.onPush(Ops.scala:1462)
	at org.apache.pekko.stream.impl.fusing.GraphInterpreter.processPush(GraphInterpreter.scala:556)
	at org.apache.pekko.stream.impl.fusing.GraphInterpreter.processEvent(GraphInterpreter.scala:507)
	at org.apache.pekko.stream.impl.fusing.GraphInterpreter.execute(GraphInterpreter.scala:401)
	at org.apache.pekko.stream.impl.fusing.GraphInterpreterShell.runBatch(ActorGraphInterpreter.scala:662)
	at org.apache.pekko.stream.impl.fusing.GraphInterpreterShell$AsyncInput.execute(ActorGraphInterpreter.scala:532)
	at org.apache.pekko.stream.impl.fusing.GraphInterpreterShell.processEvent(ActorGraphInterpreter.scala:637)
	at org.apache.pekko.stream.impl.fusing.ActorGraphInterpreter.org$apache$pekko$stream$impl$fusing$ActorGraphInterpreter$$processEvent(ActorGraphInterpreter.scala:813)
	at org.apache.pekko.stream.impl.fusing.ActorGraphInterpreter$$anonfun$receive$1.applyOrElse(ActorGraphInterpreter.scala:831)
	at org.apache.pekko.actor.Actor.aroundReceive(Actor.scala:547)
	at org.apache.pekko.actor.Actor.aroundReceive$(Actor.scala:545)
	at org.apache.pekko.stream.impl.fusing.ActorGraphInterpreter.aroundReceive(ActorGraphInterpreter.scala:729)
	at org.apache.pekko.actor.ActorCell.receiveMessage(ActorCell.scala:590)
	at org.apache.pekko.actor.ActorCell.invoke(ActorCell.scala:557)
	at org.apache.pekko.dispatch.Mailbox.processMailbox(Mailbox.scala:272)
	at org.apache.pekko.dispatch.Mailbox.run(Mailbox.scala:233)
	at org.apache.pekko.dispatch.Mailbox.exec(Mailbox.scala:245)
	at java.base/java.util.concurrent.ForkJoinTask.doExec(ForkJoinTask.java:511)
	at java.base/java.util.concurrent.ForkJoinPool$WorkQueue.topLevelExec(ForkJoinPool.java:1450)
	at java.base/java.util.concurrent.ForkJoinPool.runWorker(ForkJoinPool.java:2019)
	at java.base/java.util.concurrent.ForkJoinWorkerThread.run(ForkJoinWorkerThread.java:187)
14:38:41.161 [da-ui-backend-pekko.actor.default-dispatcher-12] ERROR o.apache.pekko.actor.ActorSystemImpl - Error during processing of request: 'Can't read {
  "type": "undefined"
} as ApiValue, unknown type 'undefined''. Completing with 500 Internal Server Error response. To change default exception handling behavior, provide a custom ExceptionHandler. pekkoAddress=pekko://da-ui-backend, pekkoUid=-284631092067108271, pekkoSource=org.apache.pekko.actor.ActorSystemImpl(da-ui-backend), sourceThread=da-ui-backend-pekko.actor.default-dispatcher-14, sourceActorSystem=da-ui-backend, pekkoTimestamp=09:08:41.161UTC
spray.json.DeserializationException: Can't read {
  "type": "undefined"
} as ApiValue, unknown type 'undefined'
	at spray.json.package$.deserializationError(package.scala:23)
	at com.daml.navigator.json.ApiCodecVerbose$.jsValueToApiValue(ApiCodecVerbose.scala:179)
	at com.daml.navigator.json.ApiCodecVerbose$.$anonfun$jsValueToApiValue$1(ApiCodecVerbose.scala:142)
	at scala.collection.immutable.List.map(List.scala:250)
	at com.daml.navigator.json.ApiCodecVerbose$.jsValueToApiValue(ApiCodecVerbose.scala:142)
	at com.daml.navigator.json.ApiCodecVerbose$.jsValueToApiRecordField(ApiCodecVerbose.scala:132)
	at com.daml.navigator.json.ApiCodecVerbose$.$anonfun$jsValueToApiRecord$2(ApiCodecVerbose.scala:189)
	at scala.collection.immutable.List.map(List.scala:250)
	at com.daml.navigator.json.ApiCodecVerbose$.jsValueToApiRecord(ApiCodecVerbose.scala:189)
	at com.daml.navigator.json.ApiCodecVerbose$.jsValueToApiValue(ApiCodecVerbose.scala:138)
	at com.daml.navigator.json.ApiCodecVerbose$JsonImplicits$ApiValueJsonFormat$.read(ApiCodecVerbose.scala:260)
	at com.daml.navigator.json.ApiCodecVerbose$JsonImplicits$ApiValueJsonFormat$.read(ApiCodecVerbose.scala:258)
	at spray.json.JsValue.convertTo(JsValue.scala:33)
	at com.daml.navigator.graphql.JsonType$.coerceUserJsonInput(JsonType.scala:53)
	at com.daml.navigator.graphql.JsonType$.$anonfun$newScalarType$2(JsonType.scala:61)
	at sangria.execution.ValueCoercionHelper.isValidValueRec$1(ValueCoercionHelper.scala:653)
	at sangria.execution.ValueCoercionHelper.isValidValue(ValueCoercionHelper.scala:694)
	at sangria.execution.ValueCoercionHelper.getVariableValue(ValueCoercionHelper.scala:704)
	at sangria.execution.ValueCollector.$anonfun$getVariableValues$3(ValueCollector.scala:56)
	at scala.Option.map(Option.scala:242)
	at sangria.execution.ValueCollector.$anonfun$getVariableValues$1(ValueCollector.scala:56)
	at scala.collection.IterableOnceOps.foldLeft(IterableOnce.scala:644)
	at scala.collection.IterableOnceOps.foldLeft$(IterableOnce.scala:670)
	at scala.collection.AbstractIterable.foldLeft(Iterable.scala:933)
	at sangria.execution.ValueCollector.getVariableValues(ValueCollector.scala:47)
	at sangria.execution.Executor.$anonfun$execute$2(Executor.scala:168)
	at scala.util.Success.flatMap(Try.scala:258)
	at sangria.execution.Executor.execute(Executor.scala:164)
	at sangria.execution.Executor$.execute(Executor.scala:349)
	at com.daml.navigator.DefaultGraphQLHandler.$anonfun$executeQuery$2(GraphQLHandler.scala:75)
	at scala.Option.fold(Option.scala:263)
	at com.daml.navigator.DefaultGraphQLHandler.executeQuery(GraphQLHandler.scala:72)
	at com.daml.navigator.UIBackend.$anonfun$getRoute$40(UIBackend.scala:197)
	at org.apache.pekko.http.scaladsl.server.directives.RouteDirectives.$anonfun$complete$1(RouteDirectives.scala:61)
	at org.apache.pekko.http.scaladsl.server.StandardRoute$$anon$1.apply(StandardRoute.scala:28)
	at org.apache.pekko.http.scaladsl.server.StandardRoute$$anon$1.apply(StandardRoute.scala:28)
	at org.apache.pekko.http.scaladsl.server.directives.BasicDirectives.$anonfun$mapRouteResult$2(BasicDirectives.scala:80)
	at org.apache.pekko.http.scaladsl.server.directives.FutureDirectives.$anonfun$onComplete$3(FutureDirectives.scala:47)
	at org.apache.pekko.http.scaladsl.util.FastFuture$.transformWith$extension(FastFuture.scala:45)
	at org.apache.pekko.http.scaladsl.server.directives.FutureDirectives.$anonfun$onComplete$2(FutureDirectives.scala:47)
	at org.apache.pekko.http.scaladsl.server.directives.BasicDirectives.$anonfun$textract$2(BasicDirectives.scala:173)
	at org.apache.pekko.http.scaladsl.server.directives.FutureDirectives.$anonfun$onComplete$3(FutureDirectives.scala:47)
	at org.apache.pekko.http.scaladsl.util.FastFuture$.transformWith$extension(FastFuture.scala:45)
	at org.apache.pekko.http.scaladsl.server.directives.FutureDirectives.$anonfun$onComplete$2(FutureDirectives.scala:47)
	at org.apache.pekko.http.scaladsl.server.directives.BasicDirectives.$anonfun$textract$2(BasicDirectives.scala:173)
	at org.apache.pekko.http.scaladsl.server.directives.BasicDirectives.$anonfun$mapRouteResult$2(BasicDirectives.scala:80)
	at org.apache.pekko.http.scaladsl.server.directives.BasicDirectives.$anonfun$textract$2(BasicDirectives.scala:173)
	at org.apache.pekko.http.scaladsl.server.RouteConcatenation$RouteWithConcatenation.$anonfun$$tilde$2(RouteConcatenation.scala:58)
	at org.apache.pekko.http.scaladsl.util.FastFuture$.flatMap$extension(FastFuture.scala:49)
	at org.apache.pekko.http.scaladsl.server.RouteConcatenation$RouteWithConcatenation.$anonfun$$tilde$1(RouteConcatenation.scala:55)
	at org.apache.pekko.http.scaladsl.server.directives.BasicDirectives.$anonfun$mapRequestContext$2(BasicDirectives.scala:55)
	at org.apache.pekko.http.scaladsl.server.directives.BasicDirectives.$anonfun$textract$2(BasicDirectives.scala:173)
	at org.apache.pekko.http.scaladsl.server.RouteConcatenation$RouteWithConcatenation.$anonfun$$tilde$2(RouteConcatenation.scala:58)
	at org.apache.pekko.http.scaladsl.util.FastFuture$.flatMap$extension(FastFuture.scala:49)
	at org.apache.pekko.http.scaladsl.server.RouteConcatenation$RouteWithConcatenation.$anonfun$$tilde$1(RouteConcatenation.scala:55)
	at org.apache.pekko.http.scaladsl.server.directives.BasicDirectives.$anonfun$mapRequestContext$2(BasicDirectives.scala:55)
	at org.apache.pekko.http.scaladsl.server.directives.BasicDirectives.$anonfun$textract$2(BasicDirectives.scala:173)
	at org.apache.pekko.http.scaladsl.server.RouteConcatenation$RouteWithConcatenation.$anonfun$$tilde$2(RouteConcatenation.scala:58)
	at org.apache.pekko.http.scaladsl.util.FastFuture$.flatMap$extension(FastFuture.scala:49)
	at org.apache.pekko.http.scaladsl.server.RouteConcatenation$RouteWithConcatenation.$anonfun$$tilde$1(RouteConcatenation.scala:55)
	at org.apache.pekko.http.scaladsl.server.RouteConcatenation$RouteWithConcatenation.$anonfun$$tilde$1(RouteConcatenation.scala:55)
	at org.apache.pekko.http.scaladsl.server.Directive.$anonfun$recover$4(Directive.scala:141)
	at org.apache.pekko.http.scaladsl.server.directives.BasicDirectives.$anonfun$textract$2(BasicDirectives.scala:173)
	at org.apache.pekko.http.scaladsl.server.Directive.$anonfun$recover$2(Directive.scala:141)
	at org.apache.pekko.http.scaladsl.server.directives.BasicDirectives.$anonfun$mapRouteResultWith$2(BasicDirectives.scala:86)
	at org.apache.pekko.http.scaladsl.server.directives.BasicDirectives.$anonfun$textract$2(BasicDirectives.scala:173)
	at org.apache.pekko.http.scaladsl.server.directives.ExecutionDirectives.$anonfun$handleExceptions$2(ExecutionDirectives.scala:42)
	at org.apache.pekko.http.scaladsl.server.Route$.$anonfun$createAsyncHandler$1(Route.scala:127)
	at org.apache.pekko.stream.impl.fusing.MapAsyncUnordered$$anon$29.onPush(Ops.scala:1462)
	at org.apache.pekko.stream.impl.fusing.GraphInterpreter.processPush(GraphInterpreter.scala:556)
	at org.apache.pekko.stream.impl.fusing.GraphInterpreter.processEvent(GraphInterpreter.scala:507)
	at org.apache.pekko.stream.impl.fusing.GraphInterpreter.execute(GraphInterpreter.scala:401)
	at org.apache.pekko.stream.impl.fusing.GraphInterpreterShell.runBatch(ActorGraphInterpreter.scala:662)
	at org.apache.pekko.stream.impl.fusing.GraphInterpreterShell$AsyncInput.execute(ActorGraphInterpreter.scala:532)
	at org.apache.pekko.stream.impl.fusing.GraphInterpreterShell.processEvent(ActorGraphInterpreter.scala:637)
	at org.apache.pekko.stream.impl.fusing.ActorGraphInterpreter.org$apache$pekko$stream$impl$fusing$ActorGraphInterpreter$$processEvent(ActorGraphInterpreter.scala:813)
	at org.apache.pekko.stream.impl.fusing.ActorGraphInterpreter$$anonfun$receive$1.applyOrElse(ActorGraphInterpreter.scala:831)
	at org.apache.pekko.actor.Actor.aroundReceive(Actor.scala:547)
	at org.apache.pekko.actor.Actor.aroundReceive$(Actor.scala:545)
	at org.apache.pekko.stream.impl.fusing.ActorGraphInterpreter.aroundReceive(ActorGraphInterpreter.scala:729)
	at org.apache.pekko.actor.ActorCell.receiveMessage(ActorCell.scala:590)
	at org.apache.pekko.actor.ActorCell.invoke(ActorCell.scala:557)
	at org.apache.pekko.dispatch.Mailbox.processMailbox(Mailbox.scala:272)
	at org.apache.pekko.dispatch.Mailbox.run(Mailbox.scala:233)
	at org.apache.pekko.dispatch.Mailbox.exec(Mailbox.scala:245)
	at java.base/java.util.concurrent.ForkJoinTask.doExec(ForkJoinTask.java:511)
	at java.base/java.util.concurrent.ForkJoinPool$WorkQueue.topLevelExec(ForkJoinPool.java:1450)
	at java.base/java.util.concurrent.ForkJoinPool.runWorker(ForkJoinPool.java:2019)
	at java.base/java.util.concurrent.ForkJoinWorkerThread.run(ForkJoinWorkerThread.java:187)
14:39:39.177 [da-ui-backend-pekko.actor.default-dispatcher-12] INFO  c.d.n.s.platform.PlatformSubscriber - Command 'e7c8b0755f66dcd7' completed with status 'CommandStatusError(FAILED_PRECONDITION,UNHANDLED_EXCEPTION(9,409a1a29): Interpretation error: Error: Unhandled Daml exception: DA.Exception.PreconditionFailed:PreconditionFailed@f20de1e4{ message = "Template precondition violated: GrowToken {owner = 'party-01f28f51-139f-4d3b-99e7-cccf9eeeb699::12200c904c539b9006bc40adf3c3727653320c5951a7ba3e23ece0b79f011257e614', issuer = 'party-01f28f51-139f-4d3b-99e7-cccf9eeeb699::12200c904c539b9006bc40adf3c3727653320c5951a7ba3e23ece0b79f011257e614', amount = 300.0, symbol = "grow", decimals = 500}" }
    in create command a60b6d5c:GrowToken:...)'. pekkoAddress=pekko://da-ui-backend, pekkoUid=-284631092067108271, pekkoSource=pekko://da-ui-backend/user/$a/party-party-01f28f51-139f-4d3b-99e7-cccf9eeeb699%3A%3A12200c904c539b9006bc40adf3c3727653320c5951a7ba3e23ece0b79f011257e614, sourceThread=da-ui-backend-pekko.actor.default-dispatcher-14, sourceActorSystem=da-ui-backend, pekkoTimestamp=09:09:39.177UTC
14:39:59.853 [da-ui-backend-pekko.actor.default-dispatcher-14] INFO  c.daml.navigator.NavigatorBackend$ - Logged out user 'Alice' 
14:40:47.075 [da-ui-backend-pekko.actor.default-dispatcher-5] INFO  c.d.n.s.platform.PlatformSubscriber - Command '993d0530d4c43805' completed with status 'CommandStatusError(INVALID_ARGUMENT,DAML_AUTHORIZATION_ERROR(8,e4971cc1): Interpretation error: Error: node NodeId(0) (a60b6d5c583f91e98770e754fe71d1fbc737b36bb9b2ff5d4911dd86ad79358b:StreamCore:StreamAgreement) requires authorizers party-01f28f51-139f-4d3b-99e7-cccf9eeeb699::12200c904c539b9006bc40adf3c3727653320c5951a7ba3e23ece0b79f011257e614, but only party-974f4e44-eb56-4d52-b912-9d0b43211b22::12200c904c539b9006bc40adf3c3727653320c5951a7ba3e23ece0b79f011257e614 were given)'. pekkoAddress=pekko://da-ui-backend, pekkoUid=-284631092067108271, pekkoSource=pekko://da-ui-backend/user/$a/party-party-974f4e44-eb56-4d52-b912-9d0b43211b22%3A%3A12200c904c539b9006bc40adf3c3727653320c5951a7ba3e23ece0b79f011257e614, sourceThread=da-ui-backend-pekko.actor.default-dispatcher-11, sourceActorSystem=da-ui-backend, pekkoTimestamp=09:10:47.075UTC
14:40:54.620 [da-ui-backend-pekko.actor.default-dispatcher-5] INFO  c.d.n.s.platform.PlatformSubscriber - Command 'e5a7f6b439319dfc' completed with status 'CommandStatusError(INVALID_ARGUMENT,DAML_AUTHORIZATION_ERROR(8,f23a2870): Interpretation error: Error: node NodeId(0) (a60b6d5c583f91e98770e754fe71d1fbc737b36bb9b2ff5d4911dd86ad79358b:StreamCore:StreamAgreement) requires authorizers party-01f28f51-139f-4d3b-99e7-cccf9eeeb699::12200c904c539b9006bc40adf3c3727653320c5951a7ba3e23ece0b79f011257e614, but only party-974f4e44-eb56-4d52-b912-9d0b43211b22::12200c904c539b9006bc40adf3c3727653320c5951a7ba3e23ece0b79f011257e614 were given)'. pekkoAddress=pekko://da-ui-backend, pekkoUid=-284631092067108271, pekkoSource=pekko://da-ui-backend/user/$a/party-party-974f4e44-eb56-4d52-b912-9d0b43211b22%3A%3A12200c904c539b9006bc40adf3c3727653320c5951a7ba3e23ece0b79f011257e614, sourceThread=da-ui-backend-pekko.actor.default-dispatcher-5, sourceActorSystem=da-ui-backend, pekkoTimestamp=09:10:54.620UTC
14:41:08.185 [da-ui-backend-pekko.actor.default-dispatcher-5] INFO  c.d.n.s.platform.PlatformSubscriber - Command 'e4d2f258c7910fee' completed with status 'CommandStatusError(INVALID_ARGUMENT,DAML_AUTHORIZATION_ERROR(8,5fa1291c): Interpretation error: Error: node NodeId(0) (a60b6d5c583f91e98770e754fe71d1fbc737b36bb9b2ff5d4911dd86ad79358b:StreamCore:StreamAgreement) requires authorizers party-01f28f51-139f-4d3b-99e7-cccf9eeeb699::12200c904c539b9006bc40adf3c3727653320c5951a7ba3e23ece0b79f011257e614, but only party-974f4e44-eb56-4d52-b912-9d0b43211b22::12200c904c539b9006bc40adf3c3727653320c5951a7ba3e23ece0b79f011257e614 were given)'. pekkoAddress=pekko://da-ui-backend, pekkoUid=-284631092067108271, pekkoSource=pekko://da-ui-backend/user/$a/party-party-974f4e44-eb56-4d52-b912-9d0b43211b22%3A%3A12200c904c539b9006bc40adf3c3727653320c5951a7ba3e23ece0b79f011257e614, sourceThread=da-ui-backend-pekko.actor.default-dispatcher-4, sourceActorSystem=da-ui-backend, pekkoTimestamp=09:11:08.185UTC
14:41:29.503 [da-ui-backend-pekko.actor.default-dispatcher-8] INFO  c.d.n.s.platform.PlatformSubscriber - Command 'd3c94d9e86421eca' completed with status 'CommandStatusError(INVALID_ARGUMENT,DAML_AUTHORIZATION_ERROR(8,8e574cac): Interpretation error: Error: node NodeId(0) (a60b6d5c583f91e98770e754fe71d1fbc737b36bb9b2ff5d4911dd86ad79358b:StreamCore:StreamAgreement) requires authorizers party-01f28f51-139f-4d3b-99e7-cccf9eeeb699::12200c904c539b9006bc40adf3c3727653320c5951a7ba3e23ece0b79f011257e614, but only party-974f4e44-eb56-4d52-b912-9d0b43211b22::12200c904c539b9006bc40adf3c3727653320c5951a7ba3e23ece0b79f011257e614 were given)'. pekkoAddress=pekko://da-ui-backend, pekkoUid=-284631092067108271, pekkoSource=pekko://da-ui-backend/user/$a/party-party-974f4e44-eb56-4d52-b912-9d0b43211b22%3A%3A12200c904c539b9006bc40adf3c3727653320c5951a7ba3e23ece0b79f011257e614, sourceThread=da-ui-backend-pekko.actor.default-dispatcher-11, sourceActorSystem=da-ui-backend, pekkoTimestamp=09:11:29.502UTC
14:41:57.294 [da-ui-backend-pekko.actor.default-dispatcher-11] INFO  c.d.n.s.platform.PlatformSubscriber - Command '324984c1df1d4b8e' completed with status 'CommandStatusError(INVALID_ARGUMENT,DAML_AUTHORIZATION_ERROR(8,a836c8f7): Interpretation error: Error: node NodeId(0) (a60b6d5c583f91e98770e754fe71d1fbc737b36bb9b2ff5d4911dd86ad79358b:StreamCore:StreamAgreement) requires authorizers party-01f28f51-139f-4d3b-99e7-cccf9eeeb699::12200c904c539b9006bc40adf3c3727653320c5951a7ba3e23ece0b79f011257e614, but only party-974f4e44-eb56-4d52-b912-9d0b43211b22::12200c904c539b9006bc40adf3c3727653320c5951a7ba3e23ece0b79f011257e614 were given)'. pekkoAddress=pekko://da-ui-backend, pekkoUid=-284631092067108271, pekkoSource=pekko://da-ui-backend/user/$a/party-party-974f4e44-eb56-4d52-b912-9d0b43211b22%3A%3A12200c904c539b9006bc40adf3c3727653320c5951a7ba3e23ece0b79f011257e614, sourceThread=da-ui-backend-pekko.actor.default-dispatcher-8, sourceActorSystem=da-ui-backend, pekkoTimestamp=09:11:57.294UTC
14:42:27.719 [da-ui-backend-pekko.actor.default-dispatcher-11] INFO  c.d.n.s.platform.PlatformSubscriber - Command '5805d32a877d9efb' completed with status 'CommandStatusError(FAILED_PRECONDITION,UNHANDLED_EXCEPTION(9,6df466df): Interpretation error: Error: Unhandled Daml exception: DA.Exception.PreconditionFailed:PreconditionFailed@f20de1e4{ message = "Template precondition violated: GrowToken {owner = 'party-01f28f51-139f-4d3b-99e7-cccf9eeeb699::12200c904c539b9006bc40adf3c3727653320c5951a7ba3e23ece0b79f011257e614', issuer = 'party-01f28f51-139f-4d3b-99e7-cccf9eeeb699::12200c904c539b9006bc40adf3c3727653320c5951a7ba3e23ece0b79f011257e614', amount = 100.0, symbol = "grow", decimals = 300}" }
    in create command a60b6d5c:GrowToken:...)'. pekkoAddress=pekko://da-ui-backend, pekkoUid=-284631092067108271, pekkoSource=pekko://da-ui-backend/user/$a/party-party-974f4e44-eb56-4d52-b912-9d0b43211b22%3A%3A12200c904c539b9006bc40adf3c3727653320c5951a7ba3e23ece0b79f011257e614, sourceThread=da-ui-backend-pekko.actor.default-dispatcher-5, sourceActorSystem=da-ui-backend, pekkoTimestamp=09:12:27.719UTC
14:42:41.347 [da-ui-backend-pekko.actor.default-dispatcher-5] INFO  c.d.n.s.platform.PlatformSubscriber - Command '8cd31fe19628ebb7' completed with status 'CommandStatusError(INVALID_ARGUMENT,DAML_AUTHORIZATION_ERROR(8,5fbe862c): Interpretation error: Error: node NodeId(0) (a60b6d5c583f91e98770e754fe71d1fbc737b36bb9b2ff5d4911dd86ad79358b:StreamCore:StreamAgreement) requires authorizers party-01f28f51-139f-4d3b-99e7-cccf9eeeb699::12200c904c539b9006bc40adf3c3727653320c5951a7ba3e23ece0b79f011257e614, but only party-974f4e44-eb56-4d52-b912-9d0b43211b22::12200c904c539b9006bc40adf3c3727653320c5951a7ba3e23ece0b79f011257e614 were given)'. pekkoAddress=pekko://da-ui-backend, pekkoUid=-284631092067108271, pekkoSource=pekko://da-ui-backend/user/$a/party-party-974f4e44-eb56-4d52-b912-9d0b43211b22%3A%3A12200c904c539b9006bc40adf3c3727653320c5951a7ba3e23ece0b79f011257e614, sourceThread=da-ui-backend-pekko.actor.default-dispatcher-11, sourceActorSystem=da-ui-backend, pekkoTimestamp=09:12:41.347UTC
14:42:44.540 [da-ui-backend-pekko.actor.default-dispatcher-11] INFO  c.d.n.s.platform.PlatformSubscriber - Command '58406866a9143921' completed with status 'CommandStatusError(INVALID_ARGUMENT,DAML_AUTHORIZATION_ERROR(8,9f92256e): Interpretation error: Error: node NodeId(0) (a60b6d5c583f91e98770e754fe71d1fbc737b36bb9b2ff5d4911dd86ad79358b:StreamCore:StreamAgreement) requires authorizers party-01f28f51-139f-4d3b-99e7-cccf9eeeb699::12200c904c539b9006bc40adf3c3727653320c5951a7ba3e23ece0b79f011257e614, but only party-974f4e44-eb56-4d52-b912-9d0b43211b22::12200c904c539b9006bc40adf3c3727653320c5951a7ba3e23ece0b79f011257e614 were given)'. pekkoAddress=pekko://da-ui-backend, pekkoUid=-284631092067108271, pekkoSource=pekko://da-ui-backend/user/$a/party-party-974f4e44-eb56-4d52-b912-9d0b43211b22%3A%3A12200c904c539b9006bc40adf3c3727653320c5951a7ba3e23ece0b79f011257e614, sourceThread=da-ui-backend-pekko.actor.default-dispatcher-11, sourceActorSystem=da-ui-backend, pekkoTimestamp=09:12:44.540UTC
14:42:57.960 [da-ui-backend-pekko.actor.default-dispatcher-11] INFO  c.d.n.s.platform.PlatformSubscriber - Command 'db5a1e9fadebf264' completed with status 'CommandStatusError(INVALID_ARGUMENT,DAML_AUTHORIZATION_ERROR(8,851de9d5): Interpretation error: Error: node NodeId(0) (a60b6d5c583f91e98770e754fe71d1fbc737b36bb9b2ff5d4911dd86ad79358b:StreamCore:StreamAgreement) requires authorizers party-01f28f51-139f-4d3b-99e7-cccf9eeeb699::12200c904c539b9006bc40adf3c3727653320c5951a7ba3e23ece0b79f011257e614, but only party-974f4e44-eb56-4d52-b912-9d0b43211b22::12200c904c539b9006bc40adf3c3727653320c5951a7ba3e23ece0b79f011257e614 were given)'. pekkoAddress=pekko://da-ui-backend, pekkoUid=-284631092067108271, pekkoSource=pekko://da-ui-backend/user/$a/party-party-974f4e44-eb56-4d52-b912-9d0b43211b22%3A%3A12200c904c539b9006bc40adf3c3727653320c5951a7ba3e23ece0b79f011257e614, sourceThread=da-ui-backend-pekko.actor.default-dispatcher-8, sourceActorSystem=da-ui-backend, pekkoTimestamp=09:12:57.960UTC
14:43:09.752 [da-ui-backend-pekko.actor.default-dispatcher-8] INFO  c.daml.navigator.NavigatorBackend$ - Logged out user 'Admin' 
15:34:35.387 [da-ui-backend-pekko.actor.default-dispatcher-5] INFO  c.daml.navigator.NavigatorBackend$ - Logged out user 'Bob' 
15:35:24.782 [da-ui-backend-pekko.actor.default-dispatcher-7] INFO  c.d.n.s.platform.PlatformSubscriber - Command '2852e2bc8d71f492' completed with status 'CommandStatusError(INVALID_ARGUMENT,DAML_AUTHORIZATION_ERROR(8,15d7c6d3): Interpretation error: Error: node NodeId(0) (a60b6d5c583f91e98770e754fe71d1fbc737b36bb9b2ff5d4911dd86ad79358b:StreamCore:StreamAgreement) requires authorizers party-01f28f51-139f-4d3b-99e7-cccf9eeeb699::12200c904c539b9006bc40adf3c3727653320c5951a7ba3e23ece0b79f011257e614, but only party-974f4e44-eb56-4d52-b912-9d0b43211b22::12200c904c539b9006bc40adf3c3727653320c5951a7ba3e23ece0b79f011257e614 were given)'. pekkoAddress=pekko://da-ui-backend, pekkoUid=-284631092067108271, pekkoSource=pekko://da-ui-backend/user/$a/party-party-974f4e44-eb56-4d52-b912-9d0b43211b22%3A%3A12200c904c539b9006bc40adf3c3727653320c5951a7ba3e23ece0b79f011257e614, sourceThread=da-ui-backend-pekko.actor.default-dispatcher-11, sourceActorSystem=da-ui-backend, pekkoTimestamp=10:05:24.782UTC
15:35:48.722 [da-ui-backend-pekko.actor.default-dispatcher-8] INFO  c.d.n.s.platform.PlatformSubscriber - Command '4436b03b612a47c6' completed with status 'CommandStatusError(INVALID_ARGUMENT,DAML_AUTHORIZATION_ERROR(8,34883c5d): Interpretation error: Error: node NodeId(0) (a60b6d5c583f91e98770e754fe71d1fbc737b36bb9b2ff5d4911dd86ad79358b:StreamCore:StreamAgreement) requires authorizers party-01f28f51-139f-4d3b-99e7-cccf9eeeb699::12200c904c539b9006bc40adf3c3727653320c5951a7ba3e23ece0b79f011257e614, but only party-974f4e44-eb56-4d52-b912-9d0b43211b22::12200c904c539b9006bc40adf3c3727653320c5951a7ba3e23ece0b79f011257e614 were given)'. pekkoAddress=pekko://da-ui-backend, pekkoUid=-284631092067108271, pekkoSource=pekko://da-ui-backend/user/$a/party-party-974f4e44-eb56-4d52-b912-9d0b43211b22%3A%3A12200c904c539b9006bc40adf3c3727653320c5951a7ba3e23ece0b79f011257e614, sourceThread=da-ui-backend-pekko.actor.default-dispatcher-11, sourceActorSystem=da-ui-backend, pekkoTimestamp=10:05:48.722UTC
